#
# There is insufficient memory for the Java Runtime Environment to continue.
# Native memory allocation (malloc) failed to allocate 32744 bytes for ChunkPool::allocate
# Possible reasons:
#   The system is out of physical RAM or swap space
#   The process is running with CompressedOops enabled, and the Java Heap may be blocking the growth of the native heap
# Possible solutions:
#   Reduce memory load on the system
#   Increase physical memory or swap space
#   Check if swap backing store is full
#   Decrease Java heap size (-Xmx/-Xms)
#   Decrease number of Java threads
#   Decrease Java thread stack sizes (-Xss)
#   Set larger code cache with -XX:ReservedCodeCacheSize=
#   JVM is running with Zero Based Compressed Oops mode in which the Java heap is
#     placed in the first 32GB address space. The Java Heap base address is the
#     maximum limit for the native heap growth. Please use -XX:HeapBaseMinAddress
#     to set the Java Heap base and to place the Java Heap above 32GB virtual address.
# This output file may be truncated or incomplete.
#
#  Out of Memory Error (t:/workspace/open/src/hotspot/share/memory/arena.cpp:81), pid=19968, tid=2916
#
# JRE version: Java(TM) SE Runtime Environment (11.0.6+8) (build 11.0.6+8-LTS)
# Java VM: Java HotSpot(TM) 64-Bit Server VM (11.0.6+8-LTS, mixed mode, tiered, compressed oops, g1 gc, windows-amd64)
# No core dump will be written. Minidumps are not enabled by default on client versions of Windows
#

---------------  S U M M A R Y ------------

Command Line: -agentlib:jdwp=transport=dt_socket,address=127.0.0.1:50804,suspend=y,server=n -XX:TieredStopAtLevel=1 -Xverify:none -Dspring.output.ansi.enabled=always -Dcom.sun.management.jmxremote -Dspring.jmx.enabled=true -Dspring.liveBeansView.mbeanDomain -Dspring.application.admin.enabled=true -javaagent:C:\Users\王远辉\AppData\Local\JetBrains\IntelliJIdea2020.2\captureAgent\debugger-agent.jar -Dfile.encoding=UTF-8 grad.design.DownloadApplication

Host: Intel(R) Core(TM) i5-8300H CPU @ 2.30GHz, 8 cores, 15G,  Windows 10 , 64 bit Build 19041 (10.0.19041.1566)
Time: Sat Mar 26 18:41:30 2022 中国标准时间 elapsed time: 228 seconds (0d 0h 3m 48s)

---------------  T H R E A D  ---------------

Current thread (0x000001fb699b1800):  VMThread "VM Thread" [stack: 0x000000eb39700000,0x000000eb39800000] [id=2916] _threads_hazard_ptr=0x000001fb6de11e80

Stack: [0x000000eb39700000,0x000000eb39800000]
[error occurred during error reporting (printing stack bounds), id 0xc0000005, EXCEPTION_ACCESS_VIOLATION (0xc0000005) at pc=0x000001fb4db20bad]

Native frames: (J=compiled Java code, j=interpreted, Vv=VM code, C=native code)
V  [jvm.dll+0x63679a]
V  [jvm.dll+0x7755bf]
V  [jvm.dll+0x776c65]
V  [jvm.dll+0x777235]
V  [jvm.dll+0x7771eb]
V  [jvm.dll+0x635e96]
V  [jvm.dll+0x636268]
C  [ntdll.dll+0xa20cf]
C  [ntdll.dll+0x51454]
C  [ntdll.dll+0xa0bfe]
C  0x000001fb4db20bad

VM_Operation (0x000000eb3cff98f0): RevokeBias, mode: safepoint, requested by thread 0x000001fb6a854000


---------------  P R O C E S S  ---------------

Threads class SMR info:
_java_thread_list=0x000001fb6de11e80, length=62, elements={
0x000001fb699b8000, 0x000001fb699e2000, 0x000001fb69a4e800, 0x000001fb69a4f800,
0x000001fb69a52000, 0x000001fb69a59800, 0x000001fb69c66000, 0x000001fb69d06000,
0x000001fb69d0a000, 0x000001fb69d25800, 0x000001fb6a52b800, 0x000001fb6a709800,
0x000001fb6ae39000, 0x000001fb6b3db800, 0x000001fb6b409800, 0x000001fb6b40a800,
0x000001fb6b42f000, 0x000001fb6b480000, 0x000001fb6b483800, 0x000001fb6b485000,
0x000001fb6b482000, 0x000001fb6b481000, 0x000001fb6b482800, 0x000001fb6b484800,
0x000001fb6b486000, 0x000001fb6b486800, 0x000001fb6a849800, 0x000001fb6a847800,
0x000001fb6a846000, 0x000001fb6a84b000, 0x000001fb6a848800, 0x000001fb6a845000,
0x000001fb6a84a000, 0x000001fb6a84c800, 0x000001fb6a847000, 0x000001fb6a850800,
0x000001fb6a851800, 0x000001fb6a84b800, 0x000001fb6a852800, 0x000001fb6a853000,
0x000001fb6a84d800, 0x000001fb6a854000, 0x000001fb6a84e000, 0x000001fb6a84f000,
0x000001fb6a850000, 0x000001fb6dd2b000, 0x000001fb6dd28800, 0x000001fb6dd27800,
0x000001fb6dd29800, 0x000001fb6dd2a000, 0x000001fb6dd25000, 0x000001fb6dd2b800,
0x000001fb6dd2c800, 0x000001fb6dd26000, 0x000001fb6dd27000, 0x000001fb6dd33000,
0x000001fb6dd2d800, 0x000001fb6dd30000, 0x000001fb6dd30800, 0x000001fb6dd34000,
0x000001fb6dd31800, 0x000001fb6dd2e000
}

Java Threads: ( => current thread )
  0x000001fb699b8000 JavaThread "Reference Handler" daemon [_thread_blocked, id=14104, stack(0x000000eb39800000,0x000000eb39900000)]
  0x000001fb699e2000 JavaThread "Finalizer" daemon [_thread_blocked, id=4228, stack(0x000000eb39900000,0x000000eb39a00000)]
  0x000001fb69a4e800 JavaThread "Signal Dispatcher" daemon [_thread_blocked, id=12404, stack(0x000000eb39a00000,0x000000eb39b00000)]
  0x000001fb69a4f800 JavaThread "Attach Listener" daemon [_thread_blocked, id=3648, stack(0x000000eb39b00000,0x000000eb39c00000)]
  0x000001fb69a52000 JavaThread "C1 CompilerThread0" daemon [_thread_blocked, id=14420, stack(0x000000eb39c00000,0x000000eb39d00000)]
  0x000001fb69a59800 JavaThread "Sweeper thread" daemon [_thread_blocked, id=25048, stack(0x000000eb39d00000,0x000000eb39e00000)]
  0x000001fb69c66000 JavaThread "Common-Cleaner" daemon [_thread_blocked, id=23360, stack(0x000000eb39e00000,0x000000eb39f00000)]
  0x000001fb69d06000 JavaThread "JDWP Transport Listener: dt_socket" daemon [_thread_blocked, id=18628, stack(0x000000eb39f00000,0x000000eb3a000000)]
  0x000001fb69d0a000 JavaThread "JDWP Event Helper Thread" daemon [_thread_blocked, id=19960, stack(0x000000eb3a000000,0x000000eb3a100000)]
  0x000001fb69d25800 JavaThread "JDWP Command Reader" daemon [_thread_in_native, id=24260, stack(0x000000eb3a100000,0x000000eb3a200000)]
  0x000001fb6a52b800 JavaThread "Service Thread" daemon [_thread_blocked, id=24176, stack(0x000000eb3a200000,0x000000eb3a300000)]
  0x000001fb6a709800 JavaThread "RMI TCP Accept-0" daemon [_thread_in_native, id=28276, stack(0x000000eb3a800000,0x000000eb3a900000)]
  0x000001fb6ae39000 JavaThread "RMI Scheduler(0)" daemon [_thread_blocked, id=25192, stack(0x000000eb3ac00000,0x000000eb3ad00000)]
  0x000001fb6b3db800 JavaThread "logback-1" daemon [_thread_blocked, id=6316, stack(0x000000eb3b000000,0x000000eb3b100000)]
  0x000001fb6b409800 JavaThread "Timer-0" daemon [_thread_blocked, id=24108, stack(0x000000eb3b100000,0x000000eb3b200000)]
  0x000001fb6b40a800 JavaThread "com.alibaba.nacos.client.config.security.updater" daemon [_thread_blocked, id=27220, stack(0x000000eb3b200000,0x000000eb3b300000)]
  0x000001fb6b42f000 JavaThread "com.alibaba.nacos.client.Worker.fixed-192.168.153.130_8848" daemon [_thread_blocked, id=24124, stack(0x000000eb3b300000,0x000000eb3b400000)]
  0x000001fb6b480000 JavaThread "Keep-Alive-Timer" daemon [_thread_blocked, id=14948, stack(0x000000eb3b500000,0x000000eb3b600000)]
  0x000001fb6b483800 JavaThread "Catalina-utility-1" [_thread_blocked, id=26860, stack(0x000000eb3b600000,0x000000eb3b700000)]
  0x000001fb6b485000 JavaThread "Catalina-utility-2" [_thread_blocked, id=23656, stack(0x000000eb3b700000,0x000000eb3b800000)]
  0x000001fb6b482000 JavaThread "container-0" [_thread_blocked, id=12628, stack(0x000000eb3b800000,0x000000eb3b900000)]
  0x000001fb6b481000 JavaThread "spring.cloud.inetutils" daemon [_thread_blocked, id=20848, stack(0x000000eb3b900000,0x000000eb3ba00000)]
  0x000001fb6b482800 JavaThread "com.alibaba.nacos.naming.client.listener" daemon [_thread_blocked, id=8576, stack(0x000000eb3ba00000,0x000000eb3bb00000)]
  0x000001fb6b484800 JavaThread "com.alibaba.nacos.client.naming.updater" daemon [_thread_blocked, id=13468, stack(0x000000eb3bd00000,0x000000eb3be00000)]
  0x000001fb6b486000 JavaThread "com.alibaba.nacos.client.naming.updater" daemon [_thread_blocked, id=26468, stack(0x000000eb3be00000,0x000000eb3bf00000)]
  0x000001fb6b486800 JavaThread "com.alibaba.nacos.naming.failover" daemon [_thread_blocked, id=14176, stack(0x000000eb3bf00000,0x000000eb3c000000)]
  0x000001fb6a849800 JavaThread "com.alibaba.nacos.naming.push.receiver" daemon [_thread_in_native, id=24488, stack(0x000000eb3c000000,0x000000eb3c100000)]
  0x000001fb6a847800 JavaThread "Nacso-Watch-Task-Scheduler-1" [_thread_blocked, id=26044, stack(0x000000eb3c100000,0x000000eb3c200000)]
  0x000001fb6a846000 JavaThread "http-nio-8804-BlockPoller" daemon [_thread_blocked, id=20696, stack(0x000000eb3c200000,0x000000eb3c300000)]
  0x000001fb6a84b000 JavaThread "http-nio-8804-exec-1" daemon [_thread_blocked, id=27984, stack(0x000000eb3c300000,0x000000eb3c400000)]
  0x000001fb6a848800 JavaThread "http-nio-8804-exec-2" daemon [_thread_blocked, id=16648, stack(0x000000eb3c400000,0x000000eb3c500000)]
  0x000001fb6a845000 JavaThread "http-nio-8804-exec-3" daemon [_thread_blocked, id=16868, stack(0x000000eb3c500000,0x000000eb3c600000)]
  0x000001fb6a84a000 JavaThread "http-nio-8804-exec-4" daemon [_thread_blocked, id=15816, stack(0x000000eb3c600000,0x000000eb3c700000)]
  0x000001fb6a84c800 JavaThread "http-nio-8804-exec-5" daemon [_thread_blocked, id=24936, stack(0x000000eb3c700000,0x000000eb3c800000)]
  0x000001fb6a847000 JavaThread "http-nio-8804-exec-6" daemon [_thread_blocked, id=27584, stack(0x000000eb3c800000,0x000000eb3c900000)]
  0x000001fb6a850800 JavaThread "http-nio-8804-exec-7" daemon [_thread_blocked, id=21268, stack(0x000000eb3c900000,0x000000eb3ca00000)]
  0x000001fb6a851800 JavaThread "http-nio-8804-exec-8" daemon [_thread_blocked, id=22804, stack(0x000000eb3ca00000,0x000000eb3cb00000)]
  0x000001fb6a84b800 JavaThread "http-nio-8804-exec-9" daemon [_thread_blocked, id=22104, stack(0x000000eb3cb00000,0x000000eb3cc00000)]
  0x000001fb6a852800 JavaThread "http-nio-8804-exec-10" daemon [_thread_blocked, id=14772, stack(0x000000eb3cc00000,0x000000eb3cd00000)]
  0x000001fb6a853000 JavaThread "http-nio-8804-ClientPoller" daemon [_thread_blocked, id=14508, stack(0x000000eb3cd00000,0x000000eb3ce00000)]
  0x000001fb6a84d800 JavaThread "http-nio-8804-Acceptor" daemon [_thread_in_native, id=13148, stack(0x000000eb3ce00000,0x000000eb3cf00000)]
  0x000001fb6a854000 JavaThread "com.alibaba.nacos.naming.beat.sender" daemon [_thread_blocked, id=25120, stack(0x000000eb3cf00000,0x000000eb3d000000)]
  0x000001fb6a84e000 JavaThread "DestroyJavaVM" [_thread_blocked, id=28648, stack(0x000000eb39100000,0x000000eb39200000)]
  0x000001fb6a84f000 JavaThread "com.alibaba.nacos.client.Worker.longPolling.fixed-192.168.153.130_8848" daemon [_thread_in_native, id=13328, stack(0x000000eb3d000000,0x000000eb3d100000)]
  0x000001fb6a850000 JavaThread "com.alibaba.nacos.client.Worker.longPolling.fixed-192.168.153.130_8848" daemon [_thread_blocked, id=18812, stack(0x000000eb3d100000,0x000000eb3d200000)]
  0x000001fb6dd2b000 JavaThread "com.alibaba.nacos.naming.beat.sender" daemon [_thread_blocked, id=18004, stack(0x000000eb3d400000,0x000000eb3d500000)]
  0x000001fb6dd28800 JavaThread "com.alibaba.nacos.naming.beat.sender" daemon [_thread_blocked, id=19464, stack(0x000000eb3d500000,0x000000eb3d600000)]
  0x000001fb6dd27800 JavaThread "com.alibaba.nacos.naming.beat.sender" daemon [_thread_blocked, id=1344, stack(0x000000eb3aa00000,0x000000eb3ab00000)]
  0x000001fb6dd29800 JavaThread "logback-2" daemon [_thread_blocked, id=532, stack(0x000000eb3d700000,0x000000eb3d800000)]
  0x000001fb6dd2a000 JavaThread "com.alibaba.nacos.client.Worker.longPolling.fixed-192.168.153.130_8848" daemon [_thread_blocked, id=22272, stack(0x000000eb3d800000,0x000000eb3d900000)]
  0x000001fb6dd25000 JavaThread "org.apache.hadoop.fs.FileSystem$Statistics$StatisticsDataReferenceCleaner" daemon [_thread_blocked, id=28324, stack(0x000000eb3d900000,0x000000eb3da00000)]
  0x000001fb6dd2b800 JavaThread "logback-3" daemon [_thread_blocked, id=18780, stack(0x000000eb3da00000,0x000000eb3db00000)]
  0x000001fb6dd2c800 JavaThread "com.alibaba.nacos.client.Worker.longPolling.fixed-192.168.153.130_8848" daemon [_thread_blocked, id=25708, stack(0x000000eb3db00000,0x000000eb3dc00000)]
  0x000001fb6dd26000 JavaThread "logback-4" daemon [_thread_blocked, id=27784, stack(0x000000eb38e00000,0x000000eb38f00000)]
  0x000001fb6dd27000 JavaThread "com.alibaba.nacos.client.Worker.longPolling.fixed-192.168.153.130_8848" daemon [_thread_blocked, id=27936, stack(0x000000eb38f00000,0x000000eb39000000)]
  0x000001fb6dd33000 JavaThread "logback-5" daemon [_thread_blocked, id=8788, stack(0x000000eb39000000,0x000000eb39100000)]
  0x000001fb6dd2d800 JavaThread "com.alibaba.nacos.client.Worker.longPolling.fixed-192.168.153.130_8848" daemon [_thread_blocked, id=16956, stack(0x000000eb3ab00000,0x000000eb3ac00000)]
  0x000001fb6dd30000 JavaThread "logback-6" daemon [_thread_blocked, id=6552, stack(0x000000eb3ad00000,0x000000eb3ae00000)]
  0x000001fb6dd30800 JavaThread "com.alibaba.nacos.client.Worker.longPolling.fixed-192.168.153.130_8848" daemon [_thread_blocked, id=560, stack(0x000000eb3d200000,0x000000eb3d300000)]
  0x000001fb6dd34000 JavaThread "logback-7" daemon [_thread_blocked, id=6660, stack(0x000000eb3d300000,0x000000eb3d400000)]
  0x000001fb6dd31800 JavaThread "com.alibaba.nacos.client.Worker.longPolling.fixed-192.168.153.130_8848" daemon [_thread_blocked, id=25984, stack(0x000000eb3dc00000,0x000000eb3dd00000)]
  0x000001fb6dd2e000 JavaThread "logback-8" daemon [_thread_blocked, id=25160, stack(0x000000eb3dd00000,0x000000eb3de00000)]

Other Threads:
=>0x000001fb699b1800 VMThread "VM Thread" [stack: 0x000000eb39700000,0x000000eb39800000] [id=2916] _threads_hazard_ptr=0x000001fb6de11e80
  0x000001fb6a70d000 WatcherThread [stack: 0x000000eb3a900000,0x000000eb3aa00000] [id=3284]
  0x000001fb457cf000 GCTaskThread "GC Thread#0" [stack: 0x000000eb39200000,0x000000eb39300000] [id=22440]
  0x000001fb6a6cc000 GCTaskThread "GC Thread#1" [stack: 0x000000eb3a300000,0x000000eb3a400000] [id=22728]
  0x000001fb6a6d1000 GCTaskThread "GC Thread#2" [stack: 0x000000eb3a400000,0x000000eb3a500000] [id=15080]
  0x000001fb6a6d3800 GCTaskThread "GC Thread#3" [stack: 0x000000eb3a500000,0x000000eb3a600000] [id=24780]
  0x000001fb6a6d4000 GCTaskThread "GC Thread#4" [stack: 0x000000eb3a600000,0x000000eb3a700000] [id=14596]
  0x000001fb6a6d7800 GCTaskThread "GC Thread#5" [stack: 0x000000eb3a700000,0x000000eb3a800000] [id=21024]
  0x000001fb69c33800 GCTaskThread "GC Thread#6" [stack: 0x000000eb3bb00000,0x000000eb3bc00000] [id=19376]
  0x000001fb69c34000 GCTaskThread "GC Thread#7" [stack: 0x000000eb3bc00000,0x000000eb3bd00000] [id=3372]
  0x000001fb4582a000 ConcurrentGCThread "G1 Main Marker" [stack: 0x000000eb39300000,0x000000eb39400000] [id=21172]
  0x000001fb4582c000 ConcurrentGCThread "G1 Conc#0" [stack: 0x000000eb39400000,0x000000eb39500000] [id=19200]
  0x000001fb6a6e1800 ConcurrentGCThread "G1 Conc#1" [stack: 0x000000eb3ae00000,0x000000eb3af00000] [id=26052]
  0x000001fb69013000 ConcurrentGCThread "G1 Refine#0" [stack: 0x000000eb39500000,0x000000eb39600000] [id=11120]
  0x000001fb69014800 ConcurrentGCThread "G1 Young RemSet Sampling" [stack: 0x000000eb39600000,0x000000eb39700000] [id=27288]

Threads with active compile tasks:

VM state:at safepoint (normal execution)

VM Mutex/Monitor currently owned by a thread:  ([mutex/lock_event])
[0x000001fb457b56e0] Threads_lock - owner thread: 0x000001fb699b1800

Heap address: 0x0000000701a00000, size: 4070 MB, Compressed Oops mode: Zero based, Oop shift amount: 3
Narrow klass base: 0x0000000800000000, Narrow klass shift: 0
Compressed class space size: 1073741824 Address: 0x0000000800000000

Heap:
 garbage-first heap   total 262144K, used 81745K [0x0000000701a00000, 0x0000000800000000)
  region size 1024K, 66 young (67584K), 11 survivors (11264K)
 Metaspace       used 62222K, capacity 63885K, committed 64040K, reserved 1105920K
  class space    used 7470K, capacity 8126K, committed 8240K, reserved 1048576K
Heap Regions: E=young(eden), S=young(survivor), O=old, HS=humongous(starts), HC=humongous(continues), CS=collection set, F=free, A=archive, TAMS=top-at-mark-start (previous, next)
|   0|0x0000000701a00000, 0x0000000701b00000, 0x0000000701b00000|100%| O|  |TAMS 0x0000000701b00000, 0x0000000701a00000| Untracked 
|   1|0x0000000701b00000, 0x0000000701c00000, 0x0000000701c00000|100%| O|  |TAMS 0x0000000701c00000, 0x0000000701b00000| Untracked 
|   2|0x0000000701c00000, 0x0000000701d00000, 0x0000000701d00000|100%| O|  |TAMS 0x0000000701d00000, 0x0000000701c00000| Untracked 
|   3|0x0000000701d00000, 0x0000000701e00000, 0x0000000701e00000|100%| O|  |TAMS 0x0000000701e00000, 0x0000000701d00000| Untracked 
|   4|0x0000000701e00000, 0x0000000701f00000, 0x0000000701f00000|100%| O|  |TAMS 0x0000000701f00000, 0x0000000701e00000| Untracked 
|   5|0x0000000701f00000, 0x0000000702000000, 0x0000000702000000|100%| O|  |TAMS 0x0000000702000000, 0x0000000701f00000| Untracked 
|   6|0x0000000702000000, 0x0000000702100000, 0x0000000702100000|100%| O|  |TAMS 0x0000000702100000, 0x0000000702000000| Untracked 
|   7|0x0000000702100000, 0x0000000702200000, 0x0000000702200000|100%| O|  |TAMS 0x0000000702200000, 0x0000000702100000| Untracked 
|   8|0x0000000702200000, 0x0000000702300000, 0x0000000702300000|100%| O|  |TAMS 0x0000000702300000, 0x0000000702200000| Untracked 
|   9|0x0000000702300000, 0x0000000702400000, 0x0000000702400000|100%| O|  |TAMS 0x0000000702400000, 0x0000000702300000| Untracked 
|  10|0x0000000702400000, 0x0000000702500000, 0x0000000702500000|100%| O|  |TAMS 0x0000000702500000, 0x0000000702400000| Untracked 
|  11|0x0000000702500000, 0x0000000702600000, 0x0000000702600000|100%| O|  |TAMS 0x0000000702600000, 0x0000000702500000| Untracked 
|  12|0x0000000702600000, 0x0000000702700000, 0x0000000702700000|100%| O|  |TAMS 0x0000000702700000, 0x0000000702600000| Untracked 
|  13|0x0000000702700000, 0x0000000702800000, 0x0000000702800000|100%| O|  |TAMS 0x0000000702800000, 0x0000000702700000| Untracked 
|  14|0x0000000702800000, 0x0000000702900000, 0x0000000702900000|100%| O|  |TAMS 0x0000000702900000, 0x0000000702800000| Untracked 
|  15|0x0000000702900000, 0x0000000702a00000, 0x0000000702a00000|100%| O|  |TAMS 0x0000000702a00000, 0x0000000702900000| Untracked 
|  16|0x0000000702a00000, 0x0000000702a46400, 0x0000000702b00000| 27%| O|  |TAMS 0x0000000702a46400, 0x0000000702a00000| Untracked 
|  17|0x0000000702b00000, 0x0000000702b00000, 0x0000000702c00000|  0%| F|  |TAMS 0x0000000702b00000, 0x0000000702b00000| Untracked 
|  18|0x0000000702c00000, 0x0000000702c00000, 0x0000000702d00000|  0%| F|  |TAMS 0x0000000702c00000, 0x0000000702c00000| Untracked 
|  19|0x0000000702d00000, 0x0000000702d00000, 0x0000000702e00000|  0%| F|  |TAMS 0x0000000702d00000, 0x0000000702d00000| Untracked 
|  20|0x0000000702e00000, 0x0000000702e00000, 0x0000000702f00000|  0%| F|  |TAMS 0x0000000702e00000, 0x0000000702e00000| Untracked 
|  21|0x0000000702f00000, 0x0000000702f00000, 0x0000000703000000|  0%| F|  |TAMS 0x0000000702f00000, 0x0000000702f00000| Untracked 
|  22|0x0000000703000000, 0x0000000703000000, 0x0000000703100000|  0%| F|  |TAMS 0x0000000703000000, 0x0000000703000000| Untracked 
|  23|0x0000000703100000, 0x0000000703100000, 0x0000000703200000|  0%| F|  |TAMS 0x0000000703100000, 0x0000000703100000| Untracked 
|  24|0x0000000703200000, 0x0000000703200000, 0x0000000703300000|  0%| F|  |TAMS 0x0000000703200000, 0x0000000703200000| Untracked 
|  25|0x0000000703300000, 0x0000000703300000, 0x0000000703400000|  0%| F|  |TAMS 0x0000000703300000, 0x0000000703300000| Untracked 
|  26|0x0000000703400000, 0x0000000703400000, 0x0000000703500000|  0%| F|  |TAMS 0x0000000703400000, 0x0000000703400000| Untracked 
|  27|0x0000000703500000, 0x0000000703500000, 0x0000000703600000|  0%| F|  |TAMS 0x0000000703500000, 0x0000000703500000| Untracked 
|  28|0x0000000703600000, 0x0000000703600000, 0x0000000703700000|  0%| F|  |TAMS 0x0000000703600000, 0x0000000703600000| Untracked 
|  29|0x0000000703700000, 0x0000000703700000, 0x0000000703800000|  0%| F|  |TAMS 0x0000000703700000, 0x0000000703700000| Untracked 
|  30|0x0000000703800000, 0x0000000703800000, 0x0000000703900000|  0%| F|  |TAMS 0x0000000703800000, 0x0000000703800000| Untracked 
|  31|0x0000000703900000, 0x0000000703900000, 0x0000000703a00000|  0%| F|  |TAMS 0x0000000703900000, 0x0000000703900000| Untracked 
|  32|0x0000000703a00000, 0x0000000703a00000, 0x0000000703b00000|  0%| F|  |TAMS 0x0000000703a00000, 0x0000000703a00000| Untracked 
|  33|0x0000000703b00000, 0x0000000703b00000, 0x0000000703c00000|  0%| F|  |TAMS 0x0000000703b00000, 0x0000000703b00000| Untracked 
|  34|0x0000000703c00000, 0x0000000703c00000, 0x0000000703d00000|  0%| F|  |TAMS 0x0000000703c00000, 0x0000000703c00000| Untracked 
|  35|0x0000000703d00000, 0x0000000703d00000, 0x0000000703e00000|  0%| F|  |TAMS 0x0000000703d00000, 0x0000000703d00000| Untracked 
|  36|0x0000000703e00000, 0x0000000703e00000, 0x0000000703f00000|  0%| F|  |TAMS 0x0000000703e00000, 0x0000000703e00000| Untracked 
|  37|0x0000000703f00000, 0x0000000703f00000, 0x0000000704000000|  0%| F|  |TAMS 0x0000000703f00000, 0x0000000703f00000| Untracked 
|  38|0x0000000704000000, 0x0000000704000000, 0x0000000704100000|  0%| F|  |TAMS 0x0000000704000000, 0x0000000704000000| Untracked 
|  39|0x0000000704100000, 0x0000000704100000, 0x0000000704200000|  0%| F|  |TAMS 0x0000000704100000, 0x0000000704100000| Untracked 
|  40|0x0000000704200000, 0x0000000704200000, 0x0000000704300000|  0%| F|  |TAMS 0x0000000704200000, 0x0000000704200000| Untracked 
|  41|0x0000000704300000, 0x0000000704300000, 0x0000000704400000|  0%| F|  |TAMS 0x0000000704300000, 0x0000000704300000| Untracked 
|  42|0x0000000704400000, 0x0000000704400000, 0x0000000704500000|  0%| F|  |TAMS 0x0000000704400000, 0x0000000704400000| Untracked 
|  43|0x0000000704500000, 0x0000000704500000, 0x0000000704600000|  0%| F|  |TAMS 0x0000000704500000, 0x0000000704500000| Untracked 
|  44|0x0000000704600000, 0x0000000704600000, 0x0000000704700000|  0%| F|  |TAMS 0x0000000704600000, 0x0000000704600000| Untracked 
|  45|0x0000000704700000, 0x0000000704700000, 0x0000000704800000|  0%| F|  |TAMS 0x0000000704700000, 0x0000000704700000| Untracked 
|  46|0x0000000704800000, 0x0000000704800000, 0x0000000704900000|  0%| F|  |TAMS 0x0000000704800000, 0x0000000704800000| Untracked 
|  47|0x0000000704900000, 0x0000000704900000, 0x0000000704a00000|  0%| F|  |TAMS 0x0000000704900000, 0x0000000704900000| Untracked 
|  48|0x0000000704a00000, 0x0000000704a00000, 0x0000000704b00000|  0%| F|  |TAMS 0x0000000704a00000, 0x0000000704a00000| Untracked 
|  49|0x0000000704b00000, 0x0000000704b00000, 0x0000000704c00000|  0%| F|  |TAMS 0x0000000704b00000, 0x0000000704b00000| Untracked 
|  50|0x0000000704c00000, 0x0000000704c00000, 0x0000000704d00000|  0%| F|  |TAMS 0x0000000704c00000, 0x0000000704c00000| Untracked 
|  51|0x0000000704d00000, 0x0000000704d00000, 0x0000000704e00000|  0%| F|  |TAMS 0x0000000704d00000, 0x0000000704d00000| Untracked 
|  52|0x0000000704e00000, 0x0000000704e00000, 0x0000000704f00000|  0%| F|  |TAMS 0x0000000704e00000, 0x0000000704e00000| Untracked 
|  53|0x0000000704f00000, 0x0000000704f00000, 0x0000000705000000|  0%| F|  |TAMS 0x0000000704f00000, 0x0000000704f00000| Untracked 
|  54|0x0000000705000000, 0x0000000705000000, 0x0000000705100000|  0%| F|  |TAMS 0x0000000705000000, 0x0000000705000000| Untracked 
|  55|0x0000000705100000, 0x0000000705100000, 0x0000000705200000|  0%| F|  |TAMS 0x0000000705100000, 0x0000000705100000| Untracked 
|  56|0x0000000705200000, 0x0000000705200000, 0x0000000705300000|  0%| F|  |TAMS 0x0000000705200000, 0x0000000705200000| Untracked 
|  57|0x0000000705300000, 0x0000000705300000, 0x0000000705400000|  0%| F|  |TAMS 0x0000000705300000, 0x0000000705300000| Untracked 
|  58|0x0000000705400000, 0x0000000705400000, 0x0000000705500000|  0%| F|  |TAMS 0x0000000705400000, 0x0000000705400000| Untracked 
|  59|0x0000000705500000, 0x0000000705500000, 0x0000000705600000|  0%| F|  |TAMS 0x0000000705500000, 0x0000000705500000| Untracked 
|  60|0x0000000705600000, 0x0000000705600000, 0x0000000705700000|  0%| F|  |TAMS 0x0000000705600000, 0x0000000705600000| Untracked 
|  61|0x0000000705700000, 0x0000000705700000, 0x0000000705800000|  0%| F|  |TAMS 0x0000000705700000, 0x0000000705700000| Untracked 
|  62|0x0000000705800000, 0x0000000705800000, 0x0000000705900000|  0%| F|  |TAMS 0x0000000705800000, 0x0000000705800000| Untracked 
|  63|0x0000000705900000, 0x0000000705900000, 0x0000000705a00000|  0%| F|  |TAMS 0x0000000705900000, 0x0000000705900000| Untracked 
|  64|0x0000000705a00000, 0x0000000705a00000, 0x0000000705b00000|  0%| F|  |TAMS 0x0000000705a00000, 0x0000000705a00000| Untracked 
|  65|0x0000000705b00000, 0x0000000705b00000, 0x0000000705c00000|  0%| F|  |TAMS 0x0000000705b00000, 0x0000000705b00000| Untracked 
|  66|0x0000000705c00000, 0x0000000705c00000, 0x0000000705d00000|  0%| F|  |TAMS 0x0000000705c00000, 0x0000000705c00000| Untracked 
|  67|0x0000000705d00000, 0x0000000705d00000, 0x0000000705e00000|  0%| F|  |TAMS 0x0000000705d00000, 0x0000000705d00000| Untracked 
|  68|0x0000000705e00000, 0x0000000705e00000, 0x0000000705f00000|  0%| F|  |TAMS 0x0000000705e00000, 0x0000000705e00000| Untracked 
|  69|0x0000000705f00000, 0x0000000705f00000, 0x0000000706000000|  0%| F|  |TAMS 0x0000000705f00000, 0x0000000705f00000| Untracked 
|  70|0x0000000706000000, 0x0000000706000000, 0x0000000706100000|  0%| F|  |TAMS 0x0000000706000000, 0x0000000706000000| Untracked 
|  71|0x0000000706100000, 0x0000000706100000, 0x0000000706200000|  0%| F|  |TAMS 0x0000000706100000, 0x0000000706100000| Untracked 
|  72|0x0000000706200000, 0x0000000706200000, 0x0000000706300000|  0%| F|  |TAMS 0x0000000706200000, 0x0000000706200000| Untracked 
|  73|0x0000000706300000, 0x0000000706300000, 0x0000000706400000|  0%| F|  |TAMS 0x0000000706300000, 0x0000000706300000| Untracked 
|  74|0x0000000706400000, 0x0000000706400000, 0x0000000706500000|  0%| F|  |TAMS 0x0000000706400000, 0x0000000706400000| Untracked 
|  75|0x0000000706500000, 0x0000000706500000, 0x0000000706600000|  0%| F|  |TAMS 0x0000000706500000, 0x0000000706500000| Untracked 
|  76|0x0000000706600000, 0x0000000706600000, 0x0000000706700000|  0%| F|  |TAMS 0x0000000706600000, 0x0000000706600000| Untracked 
|  77|0x0000000706700000, 0x0000000706700000, 0x0000000706800000|  0%| F|  |TAMS 0x0000000706700000, 0x0000000706700000| Untracked 
|  78|0x0000000706800000, 0x0000000706800000, 0x0000000706900000|  0%| F|  |TAMS 0x0000000706800000, 0x0000000706800000| Untracked 
|  79|0x0000000706900000, 0x0000000706900000, 0x0000000706a00000|  0%| F|  |TAMS 0x0000000706900000, 0x0000000706900000| Untracked 
|  80|0x0000000706a00000, 0x0000000706a00000, 0x0000000706b00000|  0%| F|  |TAMS 0x0000000706a00000, 0x0000000706a00000| Untracked 
|  81|0x0000000706b00000, 0x0000000706b00000, 0x0000000706c00000|  0%| F|  |TAMS 0x0000000706b00000, 0x0000000706b00000| Untracked 
|  82|0x0000000706c00000, 0x0000000706c00000, 0x0000000706d00000|  0%| F|  |TAMS 0x0000000706c00000, 0x0000000706c00000| Untracked 
|  83|0x0000000706d00000, 0x0000000706d00000, 0x0000000706e00000|  0%| F|  |TAMS 0x0000000706d00000, 0x0000000706d00000| Untracked 
|  84|0x0000000706e00000, 0x0000000706e00000, 0x0000000706f00000|  0%| F|  |TAMS 0x0000000706e00000, 0x0000000706e00000| Untracked 
|  85|0x0000000706f00000, 0x0000000706f00000, 0x0000000707000000|  0%| F|  |TAMS 0x0000000706f00000, 0x0000000706f00000| Untracked 
|  86|0x0000000707000000, 0x0000000707000000, 0x0000000707100000|  0%| F|  |TAMS 0x0000000707000000, 0x0000000707000000| Untracked 
|  87|0x0000000707100000, 0x0000000707100000, 0x0000000707200000|  0%| F|  |TAMS 0x0000000707100000, 0x0000000707100000| Untracked 
|  88|0x0000000707200000, 0x0000000707200000, 0x0000000707300000|  0%| F|  |TAMS 0x0000000707200000, 0x0000000707200000| Untracked 
|  89|0x0000000707300000, 0x0000000707300000, 0x0000000707400000|  0%| F|  |TAMS 0x0000000707300000, 0x0000000707300000| Untracked 
|  90|0x0000000707400000, 0x0000000707400000, 0x0000000707500000|  0%| F|  |TAMS 0x0000000707400000, 0x0000000707400000| Untracked 
|  91|0x0000000707500000, 0x0000000707500000, 0x0000000707600000|  0%| F|  |TAMS 0x0000000707500000, 0x0000000707500000| Untracked 
|  92|0x0000000707600000, 0x0000000707600000, 0x0000000707700000|  0%| F|  |TAMS 0x0000000707600000, 0x0000000707600000| Untracked 
|  93|0x0000000707700000, 0x0000000707700000, 0x0000000707800000|  0%| F|  |TAMS 0x0000000707700000, 0x0000000707700000| Untracked 
|  94|0x0000000707800000, 0x0000000707800000, 0x0000000707900000|  0%| F|  |TAMS 0x0000000707800000, 0x0000000707800000| Untracked 
|  95|0x0000000707900000, 0x0000000707900000, 0x0000000707a00000|  0%| F|  |TAMS 0x0000000707900000, 0x0000000707900000| Untracked 
|  96|0x0000000707a00000, 0x0000000707a00000, 0x0000000707b00000|  0%| F|  |TAMS 0x0000000707a00000, 0x0000000707a00000| Untracked 
|  97|0x0000000707b00000, 0x0000000707b00000, 0x0000000707c00000|  0%| F|  |TAMS 0x0000000707b00000, 0x0000000707b00000| Untracked 
|  98|0x0000000707c00000, 0x0000000707c00000, 0x0000000707d00000|  0%| F|  |TAMS 0x0000000707c00000, 0x0000000707c00000| Untracked 
|  99|0x0000000707d00000, 0x0000000707d00000, 0x0000000707e00000|  0%| F|  |TAMS 0x0000000707d00000, 0x0000000707d00000| Untracked 
| 100|0x0000000707e00000, 0x0000000707e00000, 0x0000000707f00000|  0%| F|  |TAMS 0x0000000707e00000, 0x0000000707e00000| Untracked 
| 101|0x0000000707f00000, 0x0000000707f00000, 0x0000000708000000|  0%| F|  |TAMS 0x0000000707f00000, 0x0000000707f00000| Untracked 
| 102|0x0000000708000000, 0x0000000708000000, 0x0000000708100000|  0%| F|  |TAMS 0x0000000708000000, 0x0000000708000000| Untracked 
| 103|0x0000000708100000, 0x0000000708100000, 0x0000000708200000|  0%| F|  |TAMS 0x0000000708100000, 0x0000000708100000| Untracked 
| 104|0x0000000708200000, 0x0000000708200000, 0x0000000708300000|  0%| F|  |TAMS 0x0000000708200000, 0x0000000708200000| Untracked 
| 105|0x0000000708300000, 0x0000000708300000, 0x0000000708400000|  0%| F|  |TAMS 0x0000000708300000, 0x0000000708300000| Untracked 
| 106|0x0000000708400000, 0x0000000708400000, 0x0000000708500000|  0%| F|  |TAMS 0x0000000708400000, 0x0000000708400000| Untracked 
| 107|0x0000000708500000, 0x0000000708500000, 0x0000000708600000|  0%| F|  |TAMS 0x0000000708500000, 0x0000000708500000| Untracked 
| 108|0x0000000708600000, 0x0000000708600000, 0x0000000708700000|  0%| F|  |TAMS 0x0000000708600000, 0x0000000708600000| Untracked 
| 109|0x0000000708700000, 0x0000000708700000, 0x0000000708800000|  0%| F|  |TAMS 0x0000000708700000, 0x0000000708700000| Untracked 
| 110|0x0000000708800000, 0x0000000708800000, 0x0000000708900000|  0%| F|  |TAMS 0x0000000708800000, 0x0000000708800000| Untracked 
| 111|0x0000000708900000, 0x0000000708900000, 0x0000000708a00000|  0%| F|  |TAMS 0x0000000708900000, 0x0000000708900000| Untracked 
| 112|0x0000000708a00000, 0x0000000708a00000, 0x0000000708b00000|  0%| F|  |TAMS 0x0000000708a00000, 0x0000000708a00000| Untracked 
| 113|0x0000000708b00000, 0x0000000708b00000, 0x0000000708c00000|  0%| F|  |TAMS 0x0000000708b00000, 0x0000000708b00000| Untracked 
| 114|0x0000000708c00000, 0x0000000708c00000, 0x0000000708d00000|  0%| F|  |TAMS 0x0000000708c00000, 0x0000000708c00000| Untracked 
| 115|0x0000000708d00000, 0x0000000708d00000, 0x0000000708e00000|  0%| F|  |TAMS 0x0000000708d00000, 0x0000000708d00000| Untracked 
| 116|0x0000000708e00000, 0x0000000708e00000, 0x0000000708f00000|  0%| F|  |TAMS 0x0000000708e00000, 0x0000000708e00000| Untracked 
| 117|0x0000000708f00000, 0x0000000708f00000, 0x0000000709000000|  0%| F|  |TAMS 0x0000000708f00000, 0x0000000708f00000| Untracked 
| 118|0x0000000709000000, 0x0000000709000000, 0x0000000709100000|  0%| F|  |TAMS 0x0000000709000000, 0x0000000709000000| Untracked 
| 119|0x0000000709100000, 0x0000000709100000, 0x0000000709200000|  0%| F|  |TAMS 0x0000000709100000, 0x0000000709100000| Untracked 
| 120|0x0000000709200000, 0x0000000709200000, 0x0000000709300000|  0%| F|  |TAMS 0x0000000709200000, 0x0000000709200000| Untracked 
| 121|0x0000000709300000, 0x0000000709300000, 0x0000000709400000|  0%| F|  |TAMS 0x0000000709300000, 0x0000000709300000| Untracked 
| 122|0x0000000709400000, 0x0000000709400000, 0x0000000709500000|  0%| F|  |TAMS 0x0000000709400000, 0x0000000709400000| Untracked 
| 123|0x0000000709500000, 0x0000000709500000, 0x0000000709600000|  0%| F|  |TAMS 0x0000000709500000, 0x0000000709500000| Untracked 
| 124|0x0000000709600000, 0x0000000709600000, 0x0000000709700000|  0%| F|  |TAMS 0x0000000709600000, 0x0000000709600000| Untracked 
| 125|0x0000000709700000, 0x0000000709700000, 0x0000000709800000|  0%| F|  |TAMS 0x0000000709700000, 0x0000000709700000| Untracked 
| 126|0x0000000709800000, 0x0000000709800000, 0x0000000709900000|  0%| F|  |TAMS 0x0000000709800000, 0x0000000709800000| Untracked 
| 127|0x0000000709900000, 0x0000000709900000, 0x0000000709a00000|  0%| F|  |TAMS 0x0000000709900000, 0x0000000709900000| Untracked 
| 128|0x0000000709a00000, 0x0000000709a00000, 0x0000000709b00000|  0%| F|  |TAMS 0x0000000709a00000, 0x0000000709a00000| Untracked 
| 129|0x0000000709b00000, 0x0000000709b00000, 0x0000000709c00000|  0%| F|  |TAMS 0x0000000709b00000, 0x0000000709b00000| Untracked 
| 130|0x0000000709c00000, 0x0000000709c00000, 0x0000000709d00000|  0%| F|  |TAMS 0x0000000709c00000, 0x0000000709c00000| Untracked 
| 131|0x0000000709d00000, 0x0000000709d00000, 0x0000000709e00000|  0%| F|  |TAMS 0x0000000709d00000, 0x0000000709d00000| Untracked 
| 132|0x0000000709e00000, 0x0000000709e00000, 0x0000000709f00000|  0%| F|  |TAMS 0x0000000709e00000, 0x0000000709e00000| Untracked 
| 133|0x0000000709f00000, 0x0000000709f00000, 0x000000070a000000|  0%| F|  |TAMS 0x0000000709f00000, 0x0000000709f00000| Untracked 
| 134|0x000000070a000000, 0x000000070a000000, 0x000000070a100000|  0%| F|  |TAMS 0x000000070a000000, 0x000000070a000000| Untracked 
| 135|0x000000070a100000, 0x000000070a100000, 0x000000070a200000|  0%| F|  |TAMS 0x000000070a100000, 0x000000070a100000| Untracked 
| 136|0x000000070a200000, 0x000000070a200000, 0x000000070a300000|  0%| F|  |TAMS 0x000000070a200000, 0x000000070a200000| Untracked 
| 137|0x000000070a300000, 0x000000070a300000, 0x000000070a400000|  0%| F|  |TAMS 0x000000070a300000, 0x000000070a300000| Untracked 
| 138|0x000000070a400000, 0x000000070a400000, 0x000000070a500000|  0%| F|  |TAMS 0x000000070a400000, 0x000000070a400000| Untracked 
| 139|0x000000070a500000, 0x000000070a500000, 0x000000070a600000|  0%| F|  |TAMS 0x000000070a500000, 0x000000070a500000| Untracked 
| 140|0x000000070a600000, 0x000000070a600000, 0x000000070a700000|  0%| F|  |TAMS 0x000000070a600000, 0x000000070a600000| Untracked 
| 141|0x000000070a700000, 0x000000070a700000, 0x000000070a800000|  0%| F|  |TAMS 0x000000070a700000, 0x000000070a700000| Untracked 
| 142|0x000000070a800000, 0x000000070a800000, 0x000000070a900000|  0%| F|  |TAMS 0x000000070a800000, 0x000000070a800000| Untracked 
| 143|0x000000070a900000, 0x000000070a900000, 0x000000070aa00000|  0%| F|  |TAMS 0x000000070a900000, 0x000000070a900000| Untracked 
| 144|0x000000070aa00000, 0x000000070aa00000, 0x000000070ab00000|  0%| F|  |TAMS 0x000000070aa00000, 0x000000070aa00000| Untracked 
| 145|0x000000070ab00000, 0x000000070ab00000, 0x000000070ac00000|  0%| F|  |TAMS 0x000000070ab00000, 0x000000070ab00000| Untracked 
| 146|0x000000070ac00000, 0x000000070ac00000, 0x000000070ad00000|  0%| F|  |TAMS 0x000000070ac00000, 0x000000070ac00000| Untracked 
| 147|0x000000070ad00000, 0x000000070ad00000, 0x000000070ae00000|  0%| F|  |TAMS 0x000000070ad00000, 0x000000070ad00000| Untracked 
| 148|0x000000070ae00000, 0x000000070ae00000, 0x000000070af00000|  0%| F|  |TAMS 0x000000070ae00000, 0x000000070ae00000| Untracked 
| 149|0x000000070af00000, 0x000000070af00000, 0x000000070b000000|  0%| F|  |TAMS 0x000000070af00000, 0x000000070af00000| Untracked 
| 150|0x000000070b000000, 0x000000070b000000, 0x000000070b100000|  0%| F|  |TAMS 0x000000070b000000, 0x000000070b000000| Untracked 
| 151|0x000000070b100000, 0x000000070b100000, 0x000000070b200000|  0%| F|  |TAMS 0x000000070b100000, 0x000000070b100000| Untracked 
| 152|0x000000070b200000, 0x000000070b200000, 0x000000070b300000|  0%| F|  |TAMS 0x000000070b200000, 0x000000070b200000| Untracked 
| 153|0x000000070b300000, 0x000000070b300000, 0x000000070b400000|  0%| F|  |TAMS 0x000000070b300000, 0x000000070b300000| Untracked 
| 154|0x000000070b400000, 0x000000070b400000, 0x000000070b500000|  0%| F|  |TAMS 0x000000070b400000, 0x000000070b400000| Untracked 
| 155|0x000000070b500000, 0x000000070b500000, 0x000000070b600000|  0%| F|  |TAMS 0x000000070b500000, 0x000000070b500000| Untracked 
| 156|0x000000070b600000, 0x000000070b600000, 0x000000070b700000|  0%| F|  |TAMS 0x000000070b600000, 0x000000070b600000| Untracked 
| 157|0x000000070b700000, 0x000000070b700000, 0x000000070b800000|  0%| F|  |TAMS 0x000000070b700000, 0x000000070b700000| Untracked 
| 158|0x000000070b800000, 0x000000070b800000, 0x000000070b900000|  0%| F|  |TAMS 0x000000070b800000, 0x000000070b800000| Untracked 
| 159|0x000000070b900000, 0x000000070b900000, 0x000000070ba00000|  0%| F|  |TAMS 0x000000070b900000, 0x000000070b900000| Untracked 
| 160|0x000000070ba00000, 0x000000070ba00000, 0x000000070bb00000|  0%| F|  |TAMS 0x000000070ba00000, 0x000000070ba00000| Untracked 
| 161|0x000000070bb00000, 0x000000070bb00000, 0x000000070bc00000|  0%| F|  |TAMS 0x000000070bb00000, 0x000000070bb00000| Untracked 
| 162|0x000000070bc00000, 0x000000070bc00000, 0x000000070bd00000|  0%| F|  |TAMS 0x000000070bc00000, 0x000000070bc00000| Untracked 
| 163|0x000000070bd00000, 0x000000070bd00000, 0x000000070be00000|  0%| F|  |TAMS 0x000000070bd00000, 0x000000070bd00000| Untracked 
| 164|0x000000070be00000, 0x000000070be00000, 0x000000070bf00000|  0%| F|  |TAMS 0x000000070be00000, 0x000000070be00000| Untracked 
| 165|0x000000070bf00000, 0x000000070bf00000, 0x000000070c000000|  0%| F|  |TAMS 0x000000070bf00000, 0x000000070bf00000| Untracked 
| 166|0x000000070c000000, 0x000000070c000000, 0x000000070c100000|  0%| F|  |TAMS 0x000000070c000000, 0x000000070c000000| Untracked 
| 167|0x000000070c100000, 0x000000070c100000, 0x000000070c200000|  0%| F|  |TAMS 0x000000070c100000, 0x000000070c100000| Untracked 
| 168|0x000000070c200000, 0x000000070c200000, 0x000000070c300000|  0%| F|  |TAMS 0x000000070c200000, 0x000000070c200000| Untracked 
| 169|0x000000070c300000, 0x000000070c300000, 0x000000070c400000|  0%| F|  |TAMS 0x000000070c300000, 0x000000070c300000| Untracked 
| 170|0x000000070c400000, 0x000000070c400000, 0x000000070c500000|  0%| F|  |TAMS 0x000000070c400000, 0x000000070c400000| Untracked 
| 171|0x000000070c500000, 0x000000070c500000, 0x000000070c600000|  0%| F|  |TAMS 0x000000070c500000, 0x000000070c500000| Untracked 
| 172|0x000000070c600000, 0x000000070c600000, 0x000000070c700000|  0%| F|  |TAMS 0x000000070c600000, 0x000000070c600000| Untracked 
| 173|0x000000070c700000, 0x000000070c700000, 0x000000070c800000|  0%| F|  |TAMS 0x000000070c700000, 0x000000070c700000| Untracked 
| 174|0x000000070c800000, 0x000000070c800000, 0x000000070c900000|  0%| F|  |TAMS 0x000000070c800000, 0x000000070c800000| Untracked 
| 175|0x000000070c900000, 0x000000070c900000, 0x000000070ca00000|  0%| F|  |TAMS 0x000000070c900000, 0x000000070c900000| Untracked 
| 176|0x000000070ca00000, 0x000000070ca00000, 0x000000070cb00000|  0%| F|  |TAMS 0x000000070ca00000, 0x000000070ca00000| Untracked 
| 177|0x000000070cb00000, 0x000000070cb00000, 0x000000070cc00000|  0%| F|  |TAMS 0x000000070cb00000, 0x000000070cb00000| Untracked 
| 178|0x000000070cc00000, 0x000000070cc00000, 0x000000070cd00000|  0%| F|  |TAMS 0x000000070cc00000, 0x000000070cc00000| Untracked 
| 179|0x000000070cd00000, 0x000000070cd00000, 0x000000070ce00000|  0%| F|  |TAMS 0x000000070cd00000, 0x000000070cd00000| Untracked 
| 180|0x000000070ce00000, 0x000000070ce00000, 0x000000070cf00000|  0%| F|  |TAMS 0x000000070ce00000, 0x000000070ce00000| Untracked 
| 181|0x000000070cf00000, 0x000000070cf00000, 0x000000070d000000|  0%| F|  |TAMS 0x000000070cf00000, 0x000000070cf00000| Untracked 
| 182|0x000000070d000000, 0x000000070d000000, 0x000000070d100000|  0%| F|  |TAMS 0x000000070d000000, 0x000000070d000000| Untracked 
| 183|0x000000070d100000, 0x000000070d100000, 0x000000070d200000|  0%| F|  |TAMS 0x000000070d100000, 0x000000070d100000| Untracked 
| 184|0x000000070d200000, 0x000000070d200000, 0x000000070d300000|  0%| F|  |TAMS 0x000000070d200000, 0x000000070d200000| Untracked 
| 185|0x000000070d300000, 0x000000070d300000, 0x000000070d400000|  0%| F|  |TAMS 0x000000070d300000, 0x000000070d300000| Untracked 
| 186|0x000000070d400000, 0x000000070d400000, 0x000000070d500000|  0%| F|  |TAMS 0x000000070d400000, 0x000000070d400000| Untracked 
| 187|0x000000070d500000, 0x000000070d500000, 0x000000070d600000|  0%| F|  |TAMS 0x000000070d500000, 0x000000070d500000| Untracked 
| 188|0x000000070d600000, 0x000000070d600000, 0x000000070d700000|  0%| F|  |TAMS 0x000000070d600000, 0x000000070d600000| Untracked 
| 189|0x000000070d700000, 0x000000070d700000, 0x000000070d800000|  0%| F|  |TAMS 0x000000070d700000, 0x000000070d700000| Untracked 
| 190|0x000000070d800000, 0x000000070d8f71b0, 0x000000070d900000| 96%| E|  |TAMS 0x000000070d800000, 0x000000070d800000| Complete 
| 191|0x000000070d900000, 0x000000070da00000, 0x000000070da00000|100%| E|CS|TAMS 0x000000070d900000, 0x000000070d900000| Complete 
| 192|0x000000070da00000, 0x000000070db00000, 0x000000070db00000|100%| E|CS|TAMS 0x000000070da00000, 0x000000070da00000| Complete 
| 193|0x000000070db00000, 0x000000070dc00000, 0x000000070dc00000|100%| E|CS|TAMS 0x000000070db00000, 0x000000070db00000| Complete 
| 194|0x000000070dc00000, 0x000000070dd00000, 0x000000070dd00000|100%| E|CS|TAMS 0x000000070dc00000, 0x000000070dc00000| Complete 
| 195|0x000000070dd00000, 0x000000070de00000, 0x000000070de00000|100%| E|CS|TAMS 0x000000070dd00000, 0x000000070dd00000| Complete 
| 196|0x000000070de00000, 0x000000070df00000, 0x000000070df00000|100%| E|CS|TAMS 0x000000070de00000, 0x000000070de00000| Complete 
| 197|0x000000070df00000, 0x000000070e000000, 0x000000070e000000|100%| E|CS|TAMS 0x000000070df00000, 0x000000070df00000| Complete 
| 198|0x000000070e000000, 0x000000070e100000, 0x000000070e100000|100%| E|CS|TAMS 0x000000070e000000, 0x000000070e000000| Complete 
| 199|0x000000070e100000, 0x000000070e200000, 0x000000070e200000|100%| E|CS|TAMS 0x000000070e100000, 0x000000070e100000| Complete 
| 200|0x000000070e200000, 0x000000070e300000, 0x000000070e300000|100%| E|CS|TAMS 0x000000070e200000, 0x000000070e200000| Complete 
| 201|0x000000070e300000, 0x000000070e400000, 0x000000070e400000|100%| E|CS|TAMS 0x000000070e300000, 0x000000070e300000| Complete 
| 202|0x000000070e400000, 0x000000070e500000, 0x000000070e500000|100%| E|CS|TAMS 0x000000070e400000, 0x000000070e400000| Complete 
| 203|0x000000070e500000, 0x000000070e600000, 0x000000070e600000|100%| E|CS|TAMS 0x000000070e500000, 0x000000070e500000| Complete 
| 204|0x000000070e600000, 0x000000070e700000, 0x000000070e700000|100%| E|CS|TAMS 0x000000070e600000, 0x000000070e600000| Complete 
| 205|0x000000070e700000, 0x000000070e800000, 0x000000070e800000|100%| E|CS|TAMS 0x000000070e700000, 0x000000070e700000| Complete 
| 206|0x000000070e800000, 0x000000070e900000, 0x000000070e900000|100%| E|CS|TAMS 0x000000070e800000, 0x000000070e800000| Complete 
| 207|0x000000070e900000, 0x000000070ea00000, 0x000000070ea00000|100%| E|CS|TAMS 0x000000070e900000, 0x000000070e900000| Complete 
| 208|0x000000070ea00000, 0x000000070eb00000, 0x000000070eb00000|100%| E|CS|TAMS 0x000000070ea00000, 0x000000070ea00000| Complete 
| 209|0x000000070eb00000, 0x000000070ec00000, 0x000000070ec00000|100%| E|CS|TAMS 0x000000070eb00000, 0x000000070eb00000| Complete 
| 210|0x000000070ec00000, 0x000000070ed00000, 0x000000070ed00000|100%| E|CS|TAMS 0x000000070ec00000, 0x000000070ec00000| Complete 
| 211|0x000000070ed00000, 0x000000070ee00000, 0x000000070ee00000|100%| E|CS|TAMS 0x000000070ed00000, 0x000000070ed00000| Complete 
| 212|0x000000070ee00000, 0x000000070ef00000, 0x000000070ef00000|100%| E|CS|TAMS 0x000000070ee00000, 0x000000070ee00000| Complete 
| 213|0x000000070ef00000, 0x000000070f000000, 0x000000070f000000|100%| E|CS|TAMS 0x000000070ef00000, 0x000000070ef00000| Complete 
| 214|0x000000070f000000, 0x000000070f100000, 0x000000070f100000|100%| E|CS|TAMS 0x000000070f000000, 0x000000070f000000| Complete 
| 215|0x000000070f100000, 0x000000070f200000, 0x000000070f200000|100%| E|CS|TAMS 0x000000070f100000, 0x000000070f100000| Complete 
| 216|0x000000070f200000, 0x000000070f300000, 0x000000070f300000|100%| E|CS|TAMS 0x000000070f200000, 0x000000070f200000| Complete 
| 217|0x000000070f300000, 0x000000070f400000, 0x000000070f400000|100%| E|CS|TAMS 0x000000070f300000, 0x000000070f300000| Complete 
| 218|0x000000070f400000, 0x000000070f500000, 0x000000070f500000|100%| E|CS|TAMS 0x000000070f400000, 0x000000070f400000| Complete 
| 219|0x000000070f500000, 0x000000070f600000, 0x000000070f600000|100%| E|CS|TAMS 0x000000070f500000, 0x000000070f500000| Complete 
| 220|0x000000070f600000, 0x000000070f700000, 0x000000070f700000|100%| E|CS|TAMS 0x000000070f600000, 0x000000070f600000| Complete 
| 221|0x000000070f700000, 0x000000070f800000, 0x000000070f800000|100%| E|CS|TAMS 0x000000070f700000, 0x000000070f700000| Complete 
| 222|0x000000070f800000, 0x000000070f900000, 0x000000070f900000|100%| E|CS|TAMS 0x000000070f800000, 0x000000070f800000| Complete 
| 223|0x000000070f900000, 0x000000070fa00000, 0x000000070fa00000|100%| E|CS|TAMS 0x000000070f900000, 0x000000070f900000| Complete 
| 224|0x000000070fa00000, 0x000000070fa8e0a0, 0x000000070fb00000| 55%| S|CS|TAMS 0x000000070fa00000, 0x000000070fa00000| Complete 
| 225|0x000000070fb00000, 0x000000070fc00000, 0x000000070fc00000|100%| S|CS|TAMS 0x000000070fb00000, 0x000000070fb00000| Complete 
| 226|0x000000070fc00000, 0x000000070fd00000, 0x000000070fd00000|100%| S|CS|TAMS 0x000000070fc00000, 0x000000070fc00000| Complete 
| 227|0x000000070fd00000, 0x000000070fe00000, 0x000000070fe00000|100%| S|CS|TAMS 0x000000070fd00000, 0x000000070fd00000| Complete 
| 228|0x000000070fe00000, 0x000000070ff00000, 0x000000070ff00000|100%| S|CS|TAMS 0x000000070fe00000, 0x000000070fe00000| Complete 
| 229|0x000000070ff00000, 0x0000000710000000, 0x0000000710000000|100%| S|CS|TAMS 0x000000070ff00000, 0x000000070ff00000| Complete 
| 230|0x0000000710000000, 0x0000000710100000, 0x0000000710100000|100%| S|CS|TAMS 0x0000000710000000, 0x0000000710000000| Complete 
| 231|0x0000000710100000, 0x0000000710200000, 0x0000000710200000|100%| S|CS|TAMS 0x0000000710100000, 0x0000000710100000| Complete 
| 232|0x0000000710200000, 0x0000000710300000, 0x0000000710300000|100%| S|CS|TAMS 0x0000000710200000, 0x0000000710200000| Complete 
| 233|0x0000000710300000, 0x0000000710400000, 0x0000000710400000|100%| S|CS|TAMS 0x0000000710300000, 0x0000000710300000| Complete 
| 234|0x0000000710400000, 0x0000000710500000, 0x0000000710500000|100%| S|CS|TAMS 0x0000000710400000, 0x0000000710400000| Complete 
| 235|0x0000000710500000, 0x0000000710600000, 0x0000000710600000|100%| E|  |TAMS 0x0000000710500000, 0x0000000710500000| Complete 
| 236|0x0000000710600000, 0x0000000710700000, 0x0000000710700000|100%| E|CS|TAMS 0x0000000710600000, 0x0000000710600000| Complete 
| 237|0x0000000710700000, 0x0000000710800000, 0x0000000710800000|100%| E|CS|TAMS 0x0000000710700000, 0x0000000710700000| Complete 
| 238|0x0000000710800000, 0x0000000710900000, 0x0000000710900000|100%| E|CS|TAMS 0x0000000710800000, 0x0000000710800000| Complete 
| 239|0x0000000710900000, 0x0000000710a00000, 0x0000000710a00000|100%| E|CS|TAMS 0x0000000710900000, 0x0000000710900000| Complete 
| 240|0x0000000710a00000, 0x0000000710b00000, 0x0000000710b00000|100%| E|CS|TAMS 0x0000000710a00000, 0x0000000710a00000| Complete 
| 241|0x0000000710b00000, 0x0000000710c00000, 0x0000000710c00000|100%| E|CS|TAMS 0x0000000710b00000, 0x0000000710b00000| Complete 
| 242|0x0000000710c00000, 0x0000000710d00000, 0x0000000710d00000|100%| E|CS|TAMS 0x0000000710c00000, 0x0000000710c00000| Complete 
| 243|0x0000000710d00000, 0x0000000710e00000, 0x0000000710e00000|100%| E|CS|TAMS 0x0000000710d00000, 0x0000000710d00000| Complete 
| 244|0x0000000710e00000, 0x0000000710f00000, 0x0000000710f00000|100%| E|CS|TAMS 0x0000000710e00000, 0x0000000710e00000| Complete 
| 245|0x0000000710f00000, 0x0000000711000000, 0x0000000711000000|100%| E|CS|TAMS 0x0000000710f00000, 0x0000000710f00000| Complete 
| 246|0x0000000711000000, 0x0000000711100000, 0x0000000711100000|100%| E|CS|TAMS 0x0000000711000000, 0x0000000711000000| Complete 
| 247|0x0000000711100000, 0x0000000711200000, 0x0000000711200000|100%| E|CS|TAMS 0x0000000711100000, 0x0000000711100000| Complete 
| 248|0x0000000711200000, 0x0000000711300000, 0x0000000711300000|100%| E|CS|TAMS 0x0000000711200000, 0x0000000711200000| Complete 
| 249|0x0000000711300000, 0x0000000711400000, 0x0000000711400000|100%| E|CS|TAMS 0x0000000711300000, 0x0000000711300000| Complete 
| 250|0x0000000711400000, 0x0000000711500000, 0x0000000711500000|100%| E|CS|TAMS 0x0000000711400000, 0x0000000711400000| Complete 
| 251|0x0000000711500000, 0x0000000711600000, 0x0000000711600000|100%| E|CS|TAMS 0x0000000711500000, 0x0000000711500000| Complete 
| 252|0x0000000711600000, 0x0000000711700000, 0x0000000711700000|100%| E|CS|TAMS 0x0000000711600000, 0x0000000711600000| Complete 
| 253|0x0000000711700000, 0x0000000711800000, 0x0000000711800000|100%| E|CS|TAMS 0x0000000711700000, 0x0000000711700000| Complete 
| 254|0x0000000711800000, 0x0000000711900000, 0x0000000711900000|100%| E|CS|TAMS 0x0000000711800000, 0x0000000711800000| Complete 
| 255|0x0000000711900000, 0x0000000711a00000, 0x0000000711a00000|100%| E|CS|TAMS 0x0000000711900000, 0x0000000711900000| Complete 

Card table byte_map: [0x000001fb5d660000,0x000001fb5de60000] _byte_map_base: 0x000001fb59e53000

Marking Bits (Prev, Next): (CMBitMap*) 0x000001fb45819220, (CMBitMap*) 0x000001fb458191e8
 Prev Bits: [0x000001fb62600000, 0x000001fb66598000)
 Next Bits: [0x000001fb5e660000, 0x000001fb625f8000)

Polling page: 0x000001fb437a0000

Metaspace:

Usage:
  Non-class:     54.45 MB capacity,    53.47 MB ( 98%) used,   809.79 KB (  1%) free+waste,   197.50 KB ( <1%) overhead. 
      Class:      7.94 MB capacity,     7.30 MB ( 92%) used,   562.09 KB (  7%) free+waste,    93.63 KB (  1%) overhead. 
       Both:     62.39 MB capacity,    60.76 MB ( 97%) used,     1.34 MB (  2%) free+waste,   291.13 KB ( <1%) overhead. 

Virtual space:
  Non-class space:       56.00 MB reserved,      54.49 MB ( 97%) committed 
      Class space:        1.00 GB reserved,       8.05 MB ( <1%) committed 
             Both:        1.05 GB reserved,      62.54 MB (  6%) committed 

Chunk freelists:
   Non-Class:  5.13 KB
       Class:  256 bytes
        Both:  5.38 KB

CodeHeap 'non-profiled nmethods': size=238336Kb used=10231Kb max_used=10231Kb free=228104Kb
 bounds [0x000001fb4e260000, 0x000001fb4ec60000, 0x000001fb5cb20000]
CodeHeap 'non-nmethods': size=7424Kb used=1367Kb max_used=1367Kb free=6056Kb
 bounds [0x000001fb4db20000, 0x000001fb4dd90000, 0x000001fb4e260000]
 total_blobs=6440 nmethods=5715 adapters=603
 compilation: enabled
              stopped_count=0, restarted_count=0
 full_count=0

Compilation events (10 events):
Event: 217.734 Thread 0x000001fb69a52000 5750       1       java.nio.charset.CharsetDecoder::charset (5 bytes)
Event: 217.734 Thread 0x000001fb69a52000 nmethod 5750 0x000001fb4ec5cd10 code [0x000001fb4ec5cec0, 0x000001fb4ec5cfd8]
Event: 219.052 Thread 0x000001fb69a52000 5751       1       com.alibaba.nacos.client.config.impl.CacheData::isUseLocalConfigInfo (5 bytes)
Event: 219.052 Thread 0x000001fb69a52000 nmethod 5751 0x000001fb4ec5d090 code [0x000001fb4ec5d240, 0x000001fb4ec5d358]
Event: 224.618 Thread 0x000001fb69a52000 5752       1       sun.security.provider.SHA2::implReset (13 bytes)
Event: 224.618 Thread 0x000001fb69a52000 nmethod 5752 0x000001fb4ec5d410 code [0x000001fb4ec5d5c0, 0x000001fb4ec5d7b0]
Event: 224.618 Thread 0x000001fb69a52000 5753       1       sun.net.www.protocol.http.HttpURLConnection::streaming (33 bytes)
Event: 224.618 Thread 0x000001fb69a52000 nmethod 5753 0x000001fb4ec5d910 code [0x000001fb4ec5dac0, 0x000001fb4ec5dc18]
Event: 224.618 Thread 0x000001fb69a52000 5754       1       sun.util.logging.PlatformLogger::isLoggable (23 bytes)
Event: 224.618 Thread 0x000001fb69a52000 nmethod 5754 0x000001fb4ec5dc90 code [0x000001fb4ec5de60, 0x000001fb4ec5e080]

GC Heap History (10 events):
Event: 5.231 GC heap before
{Heap before GC invocations=4 (full 0):
 garbage-first heap   total 262144K, used 89395K [0x0000000701a00000, 0x0000000800000000)
  region size 1024K, 76 young (77824K), 2 survivors (2048K)
 Metaspace       used 33115K, capacity 33963K, committed 34096K, reserved 1079296K
  class space    used 3998K, capacity 4340K, committed 4400K, reserved 1048576K
}
Event: 5.234 GC heap after
{Heap after GC invocations=5 (full 0):
 garbage-first heap   total 262144K, used 17518K [0x0000000701a00000, 0x0000000800000000)
  region size 1024K, 4 young (4096K), 4 survivors (4096K)
 Metaspace       used 33115K, capacity 33963K, committed 34096K, reserved 1079296K
  class space    used 3998K, capacity 4340K, committed 4400K, reserved 1048576K
}
Event: 5.428 GC heap before
{Heap before GC invocations=5 (full 0):
 garbage-first heap   total 262144K, used 48238K [0x0000000701a00000, 0x0000000800000000)
  region size 1024K, 35 young (35840K), 4 survivors (4096K)
 Metaspace       used 34600K, capacity 35494K, committed 35632K, reserved 1081344K
  class space    used 4206K, capacity 4566K, committed 4656K, reserved 1048576K
}
Event: 5.431 GC heap after
{Heap after GC invocations=6 (full 0):
 garbage-first heap   total 262144K, used 18547K [0x0000000701a00000, 0x0000000800000000)
  region size 1024K, 5 young (5120K), 5 survivors (5120K)
 Metaspace       used 34600K, capacity 35494K, committed 35632K, reserved 1081344K
  class space    used 4206K, capacity 4566K, committed 4656K, reserved 1048576K
}
Event: 7.626 GC heap before
{Heap before GC invocations=7 (full 0):
 garbage-first heap   total 262144K, used 138355K [0x0000000701a00000, 0x0000000800000000)
  region size 1024K, 122 young (124928K), 5 survivors (5120K)
 Metaspace       used 42489K, capacity 43730K, committed 43952K, reserved 1087488K
  class space    used 5202K, capacity 5703K, committed 5808K, reserved 1048576K
}
Event: 7.632 GC heap after
{Heap after GC invocations=8 (full 0):
 garbage-first heap   total 262144K, used 23021K [0x0000000701a00000, 0x0000000800000000)
  region size 1024K, 10 young (10240K), 10 survivors (10240K)
 Metaspace       used 42489K, capacity 43730K, committed 43952K, reserved 1087488K
  class space    used 5202K, capacity 5703K, committed 5808K, reserved 1048576K
}
Event: 59.552 GC heap before
{Heap before GC invocations=8 (full 0):
 garbage-first heap   total 262144K, used 153069K [0x0000000701a00000, 0x0000000800000000)
  region size 1024K, 138 young (141312K), 10 survivors (10240K)
 Metaspace       used 55660K, capacity 57247K, committed 57520K, reserved 1099776K
  class space    used 6698K, capacity 7300K, committed 7344K, reserved 1048576K
}
Event: 59.561 GC heap after
{Heap after GC invocations=9 (full 0):
 garbage-first heap   total 262144K, used 26795K [0x0000000701a00000, 0x0000000800000000)
  region size 1024K, 13 young (13312K), 13 survivors (13312K)
 Metaspace       used 55660K, capacity 57247K, committed 57520K, reserved 1099776K
  class space    used 6698K, capacity 7300K, committed 7344K, reserved 1048576K
}
Event: 59.662 GC heap before
{Heap before GC invocations=9 (full 0):
 garbage-first heap   total 262144K, used 47275K [0x0000000701a00000, 0x0000000800000000)
  region size 1024K, 34 young (34816K), 13 survivors (13312K)
 Metaspace       used 57992K, capacity 59615K, committed 59816K, reserved 1101824K
  class space    used 6954K, capacity 7556K, committed 7600K, reserved 1048576K
}
Event: 59.671 GC heap after
{Heap after GC invocations=10 (full 0):
 garbage-first heap   total 262144K, used 27473K [0x0000000701a00000, 0x0000000800000000)
  region size 1024K, 11 young (11264K), 11 survivors (11264K)
 Metaspace       used 57992K, capacity 59615K, committed 59816K, reserved 1101824K
  class space    used 6954K, capacity 7556K, committed 7600K, reserved 1048576K
}

Deoptimization events (0 events):
No events

Classes redefined (0 events):
No events

Internal exceptions (10 events):
Event: 174.992 Thread 0x000001fb6b409800 Exception <a 'java/io/FileNotFoundException'{0x000000070da2a018}> (0x000000070da2a018) thrown at [t:/workspace/open/src/hotspot/share/prims/jni.cpp, line 615]
Event: 174.992 Thread 0x000001fb6b409800 Exception <a 'java/io/FileNotFoundException'{0x000000070da2a7a8}> (0x000000070da2a7a8) thrown at [t:/workspace/open/src/hotspot/share/prims/jni.cpp, line 615]
Event: 184.994 Thread 0x000001fb6b409800 Exception <a 'java/io/FileNotFoundException'{0x000000070da32640}> (0x000000070da32640) thrown at [t:/workspace/open/src/hotspot/share/prims/jni.cpp, line 615]
Event: 184.994 Thread 0x000001fb6b409800 Exception <a 'java/io/FileNotFoundException'{0x000000070da32dd0}> (0x000000070da32dd0) thrown at [t:/workspace/open/src/hotspot/share/prims/jni.cpp, line 615]
Event: 194.996 Thread 0x000001fb6b409800 Exception <a 'java/io/FileNotFoundException'{0x000000070da3ac68}> (0x000000070da3ac68) thrown at [t:/workspace/open/src/hotspot/share/prims/jni.cpp, line 615]
Event: 194.996 Thread 0x000001fb6b409800 Exception <a 'java/io/FileNotFoundException'{0x000000070da3b3f8}> (0x000000070da3b3f8) thrown at [t:/workspace/open/src/hotspot/share/prims/jni.cpp, line 615]
Event: 204.997 Thread 0x000001fb6b409800 Exception <a 'java/io/FileNotFoundException'{0x000000070d81bd00}> (0x000000070d81bd00) thrown at [t:/workspace/open/src/hotspot/share/prims/jni.cpp, line 615]
Event: 204.997 Thread 0x000001fb6b409800 Exception <a 'java/io/FileNotFoundException'{0x000000070d81c490}> (0x000000070d81c490) thrown at [t:/workspace/open/src/hotspot/share/prims/jni.cpp, line 615]
Event: 214.998 Thread 0x000001fb6b409800 Exception <a 'java/io/FileNotFoundException'{0x000000070d824328}> (0x000000070d824328) thrown at [t:/workspace/open/src/hotspot/share/prims/jni.cpp, line 615]
Event: 214.998 Thread 0x000001fb6b409800 Exception <a 'java/io/FileNotFoundException'{0x000000070d824ab8}> (0x000000070d824ab8) thrown at [t:/workspace/open/src/hotspot/share/prims/jni.cpp, line 615]

Events (10 events):
Event: 214.996 Thread 0x000001fb6dd2e000 Thread added: 0x000001fb6dd2e000
Event: 214.998 Thread 0x000001fb6b409800 DEOPT PACKING pc=0x000001fb4ec48d34 sp=0x000000eb3b1fec70
Event: 214.998 Thread 0x000001fb6b409800 DEOPT UNPACKING pc=0x000001fb4db5d6ce sp=0x000000eb3b1fe0f0 mode 1
Event: 214.998 Thread 0x000001fb6b409800 DEOPT PACKING pc=0x000001fb4ec48d34 sp=0x000000eb3b1fec70
Event: 214.998 Thread 0x000001fb6b409800 DEOPT UNPACKING pc=0x000001fb4db5d6ce sp=0x000000eb3b1fe0f0 mode 1
Event: 219.618 Executing VM operation: RevokeBias
Event: 219.618 Executing VM operation: RevokeBias done
Event: 219.618 Thread 0x000001fb6a854000 DEOPT PACKING pc=0x000001fb4ec23b84 sp=0x000000eb3cffe630
Event: 219.618 Thread 0x000001fb6a854000 DEOPT UNPACKING pc=0x000001fb4db5d6ce sp=0x000000eb3cffde40 mode 1
Event: 224.619 Executing VM operation: RevokeBias


Dynamic libraries:
0x00007ff60fc50000 - 0x00007ff60fc97000 	E:\SpringBoot\java11\JavaInstall\bin\java.exe
0x00007ffd7dfb0000 - 0x00007ffd7e1a5000 	C:\WINDOWS\SYSTEM32\ntdll.dll
0x00007ffd7c500000 - 0x00007ffd7c5be000 	C:\WINDOWS\System32\KERNEL32.DLL
0x00007ffd7bd40000 - 0x00007ffd7c008000 	C:\WINDOWS\System32\KERNELBASE.dll
0x00007ffd7c450000 - 0x00007ffd7c4fe000 	C:\WINDOWS\System32\ADVAPI32.dll
0x00007ffd7cf90000 - 0x00007ffd7d02e000 	C:\WINDOWS\System32\msvcrt.dll
0x00007ffd7d850000 - 0x00007ffd7d8ec000 	C:\WINDOWS\System32\sechost.dll
0x00007ffd7c5f0000 - 0x00007ffd7c715000 	C:\WINDOWS\System32\RPCRT4.dll
0x00007ffd7c010000 - 0x00007ffd7c1b0000 	C:\WINDOWS\System32\USER32.dll
0x00007ffd7ba70000 - 0x00007ffd7ba92000 	C:\WINDOWS\System32\win32u.dll
0x00007ffd7d9b0000 - 0x00007ffd7d9db000 	C:\WINDOWS\System32\GDI32.dll
0x00007ffd7b930000 - 0x00007ffd7ba3b000 	C:\WINDOWS\System32\gdi32full.dll
0x00007ffd7bb50000 - 0x00007ffd7bbed000 	C:\WINDOWS\System32\msvcp_win.dll
0x00007ffd7b6d0000 - 0x00007ffd7b7d0000 	C:\WINDOWS\System32\ucrtbase.dll
0x00007ffd68450000 - 0x00007ffd686ea000 	C:\WINDOWS\WinSxS\amd64_microsoft.windows.common-controls_6595b64144ccf1df_6.0.19041.1110_none_60b5254171f9507e\COMCTL32.dll
0x00007ffd77050000 - 0x00007ffd7705a000 	C:\WINDOWS\SYSTEM32\VERSION.dll
0x00007ffd7dda0000 - 0x00007ffd7ddd0000 	C:\WINDOWS\System32\IMM32.DLL
0x00007ffd748d0000 - 0x00007ffd748e6000 	E:\SpringBoot\java11\JavaInstall\bin\vcruntime140.dll
0x00007ffd61b60000 - 0x00007ffd61c0a000 	E:\SpringBoot\java11\JavaInstall\bin\msvcp140.dll
0x00007ffd2f800000 - 0x00007ffd30329000 	E:\SpringBoot\java11\JavaInstall\bin\server\jvm.dll
0x00007ffd7c720000 - 0x00007ffd7c728000 	C:\WINDOWS\System32\PSAPI.DLL
0x00007ffd631e0000 - 0x00007ffd631e9000 	C:\WINDOWS\SYSTEM32\WSOCK32.dll
0x00007ffd686f0000 - 0x00007ffd68717000 	C:\WINDOWS\SYSTEM32\WINMM.dll
0x00007ffd7d6b0000 - 0x00007ffd7d71b000 	C:\WINDOWS\System32\WS2_32.dll
0x00007ffd79fc0000 - 0x00007ffd79fd2000 	C:\WINDOWS\SYSTEM32\kernel.appcore.dll
0x00007ffd74820000 - 0x00007ffd74831000 	E:\SpringBoot\java11\JavaInstall\bin\verify.dll
0x00007ffd794f0000 - 0x00007ffd796d4000 	C:\WINDOWS\SYSTEM32\DBGHELP.DLL
0x00007ffd5f680000 - 0x00007ffd5f6ac000 	C:\WINDOWS\SYSTEM32\dbgcore.DLL
0x00007ffd7bc40000 - 0x00007ffd7bcc2000 	C:\WINDOWS\System32\bcryptPrimitives.dll
0x00007ffd64f80000 - 0x00007ffd64fa9000 	E:\SpringBoot\java11\JavaInstall\bin\java.dll
0x00007ffd61d30000 - 0x00007ffd61d67000 	E:\SpringBoot\java11\JavaInstall\bin\jdwp.dll
0x00007ffd612e0000 - 0x00007ffd6130f000 	E:\SpringBoot\java11\JavaInstall\bin\instrument.dll
0x00007ffd74270000 - 0x00007ffd74286000 	E:\SpringBoot\java11\JavaInstall\bin\zip.dll
0x00007ffd64f70000 - 0x00007ffd64f7a000 	E:\SpringBoot\java11\JavaInstall\bin\jimage.dll
0x00007ffd7c730000 - 0x00007ffd7ce74000 	C:\WINDOWS\System32\SHELL32.dll
0x00007ffd796e0000 - 0x00007ffd79e74000 	C:\WINDOWS\SYSTEM32\windows.storage.dll
0x00007ffd7d9e0000 - 0x00007ffd7dd34000 	C:\WINDOWS\System32\combase.dll
0x00007ffd7b130000 - 0x00007ffd7b15c000 	C:\WINDOWS\SYSTEM32\Wldp.dll
0x00007ffd7ce80000 - 0x00007ffd7cf2d000 	C:\WINDOWS\System32\SHCORE.dll
0x00007ffd7c3f0000 - 0x00007ffd7c445000 	C:\WINDOWS\System32\shlwapi.dll
0x00007ffd7b610000 - 0x00007ffd7b62f000 	C:\WINDOWS\SYSTEM32\profapi.dll
0x00007ffd63da0000 - 0x00007ffd63daa000 	E:\SpringBoot\java11\JavaInstall\bin\dt_socket.dll
0x00007ffd7ae90000 - 0x00007ffd7aefa000 	C:\WINDOWS\system32\mswsock.dll
0x00007ffd64cc0000 - 0x00007ffd64cd9000 	E:\SpringBoot\java11\JavaInstall\bin\net.dll
0x00007ffd732b0000 - 0x00007ffd733b9000 	C:\WINDOWS\SYSTEM32\WINHTTP.dll
0x00007ffd64310000 - 0x00007ffd64323000 	E:\SpringBoot\java11\JavaInstall\bin\nio.dll
0x00007ffd7ab50000 - 0x00007ffd7ac1a000 	C:\WINDOWS\SYSTEM32\DNSAPI.dll
0x00007ffd7ab10000 - 0x00007ffd7ab4b000 	C:\WINDOWS\SYSTEM32\IPHLPAPI.DLL
0x00007ffd7c5e0000 - 0x00007ffd7c5e8000 	C:\WINDOWS\System32\NSI.dll
0x00007ffd76680000 - 0x00007ffd7668a000 	C:\Windows\System32\rasadhlp.dll
0x00007ffd675c0000 - 0x00007ffd6763f000 	C:\WINDOWS\System32\fwpuclnt.dll
0x00007ffd7ba40000 - 0x00007ffd7ba67000 	C:\WINDOWS\System32\bcrypt.dll
0x00007ffd63100000 - 0x00007ffd63109000 	E:\SpringBoot\java11\JavaInstall\bin\management.dll
0x00007ffd61350000 - 0x00007ffd6135c000 	E:\SpringBoot\java11\JavaInstall\bin\management_ext.dll
0x00007ffd7b080000 - 0x00007ffd7b098000 	C:\WINDOWS\SYSTEM32\CRYPTSP.dll
0x00007ffd7a740000 - 0x00007ffd7a774000 	C:\WINDOWS\system32\rsaenh.dll
0x00007ffd7b5d0000 - 0x00007ffd7b5fe000 	C:\WINDOWS\SYSTEM32\USERENV.dll
0x00007ffd7b0a0000 - 0x00007ffd7b0ac000 	C:\WINDOWS\SYSTEM32\CRYPTBASE.dll
0x00007ffd70cd0000 - 0x00007ffd70ce7000 	C:\WINDOWS\SYSTEM32\dhcpcsvc6.DLL
0x00007ffd70af0000 - 0x00007ffd70b0d000 	C:\WINDOWS\SYSTEM32\dhcpcsvc.DLL
0x00007ffd59320000 - 0x00007ffd59337000 	C:\WINDOWS\system32\napinsp.dll
0x00007ffd59300000 - 0x00007ffd5931b000 	C:\WINDOWS\system32\pnrpnsp.dll
0x00007ffd74ca0000 - 0x00007ffd74cb5000 	C:\WINDOWS\system32\wshbth.dll
0x00007ffd76550000 - 0x00007ffd7656d000 	C:\WINDOWS\system32\NLAapi.dll
0x00007ffd592e0000 - 0x00007ffd592f2000 	C:\WINDOWS\System32\winrnr.dll
0x00007ffd61270000 - 0x00007ffd6128c000 	C:\Windows\System32\hadoop.dll
0x00000000650e0000 - 0x00000000651b2000 	C:\WINDOWS\SYSTEM32\MSVCR100.dll
0x00007ffd7a480000 - 0x00007ffd7a4ce000 	C:\WINDOWS\SYSTEM32\AUTHZ.dll
0x00007ffd665d0000 - 0x00007ffd665ea000 	C:\WINDOWS\SYSTEM32\NETAPI32.dll
0x00007ffd7ac20000 - 0x00007ffd7ac2c000 	C:\WINDOWS\SYSTEM32\NETUTILS.DLL
0x00007ffd6efb0000 - 0x00007ffd6efc9000 	C:\WINDOWS\SYSTEM32\SAMCLI.DLL
0x00007ffd612d0000 - 0x00007ffd612d9000 	E:\SpringBoot\java11\JavaInstall\bin\jaas.dll

dbghelp: loaded successfully - version: 4.0.5 - missing functions: none
symbol engine: initialized successfully - sym options: 0x614 - pdb path: .;E:\SpringBoot\java11\JavaInstall\bin;C:\WINDOWS\SYSTEM32;C:\WINDOWS\WinSxS\amd64_microsoft.windows.common-controls_6595b64144ccf1df_6.0.19041.1110_none_60b5254171f9507e;E:\SpringBoot\java11\JavaInstall\bin\server

VM Arguments:
jvm_args: -agentlib:jdwp=transport=dt_socket,address=127.0.0.1:50804,suspend=y,server=n -XX:TieredStopAtLevel=1 -Xverify:none -Dspring.output.ansi.enabled=always -Dcom.sun.management.jmxremote -Dspring.jmx.enabled=true -Dspring.liveBeansView.mbeanDomain -Dspring.application.admin.enabled=true -javaagent:C:\Users\王远辉\AppData\Local\JetBrains\IntelliJIdea2020.2\captureAgent\debugger-agent.jar -Dfile.encoding=UTF-8 
java_command: grad.design.DownloadApplication
java_class_path (initial): E:\Big_Data\毕设-王远辉\graduate-design\spring-cloud-graduate-design\download-file-service\target\classes;E:\Big_Data\毕设-王远辉\graduate-design\spring-cloud-graduate-design\graduate-design-commons\target\classes;E:\shuyi_project\ideaIU\repository\org\springframework\boot\spring-boot-starter-web\2.2.5.RELEASE\spring-boot-starter-web-2.2.5.RELEASE.jar;E:\shuyi_project\ideaIU\repository\org\springframework\boot\spring-boot-starter\2.2.5.RELEASE\spring-boot-starter-2.2.5.RELEASE.jar;E:\shuyi_project\ideaIU\repository\org\springframework\boot\spring-boot\2.2.5.RELEASE\spring-boot-2.2.5.RELEASE.jar;E:\shuyi_project\ideaIU\repository\org\springframework\boot\spring-boot-autoconfigure\2.2.5.RELEASE\spring-boot-autoconfigure-2.2.5.RELEASE.jar;E:\shuyi_project\ideaIU\repository\org\springframework\boot\spring-boot-starter-logging\2.2.5.RELEASE\spring-boot-starter-logging-2.2.5.RELEASE.jar;E:\shuyi_project\ideaIU\repository\ch\qos\logback\logback-classic\1.2.3\logback-classic-1.2.3.jar;E:\shuyi_project\ideaIU\repository\ch\qos\logback\logback-core\1.2.3\logback-core-1.2.3.jar;E:\shuyi_project\ideaIU\repository\org\apache\logging\log4j\log4j-to-slf4j\2.12.1\log4j-to-slf4j-2.12.1.jar;E:\shuyi_project\ideaIU\repository\org\apache\logging\log4j\log4j-api\2.12.1\log4j-api-2.12.1.jar;E:\shuyi_project\ideaIU\repository\org\slf4j\jul-to-slf4j\1.7.30\jul-to-slf4j-1.7.30.jar;E:\shuyi_project\ideaIU\repository\jakarta\annotation\jakarta.annotation-api\1.3.5\jakarta.annotation-api-1.3.5.jar;E:\shuyi_project\ideaIU\repository\org\springframework\spring-core\5.2.4.RELEASE\spring-core-5.2.4.RELEASE.jar;E:\shuyi_project\ideaIU\repository\org\springframework\spring-jcl\5.2.4.RELEASE\spring-jcl-5.2.4.RELEASE.jar;E:\shuyi_project\ideaIU\repository\org\yaml\snakeyaml\1.25\snakeyaml-1.25.jar;E:\shuyi_project\ideaIU\repository\org\springframework\boot\spring-boot-starter-json\2.2.5.RELEASE\spring-boot-starter-json-2.2.5.RELEASE.jar;E:\shuyi_project\ideaIU\repository\c
Launcher Type: SUN_STANDARD

[Global flags]
     bool BytecodeVerificationLocal                = false                                     {product} {command line}
     bool BytecodeVerificationRemote               = false                                     {product} {command line}
     intx CICompilerCount                          = 4                                         {product} {ergonomic}
     uint ConcGCThreads                            = 2                                         {product} {ergonomic}
     uint G1ConcRefinementThreads                  = 8                                         {product} {ergonomic}
   size_t G1HeapRegionSize                         = 1048576                                   {product} {ergonomic}
    uintx GCDrainStackTargetSize                   = 64                                        {product} {ergonomic}
   size_t InitialHeapSize                          = 268435456                                 {product} {ergonomic}
     bool ManagementServer                         = true                                      {product} {command line}
   size_t MarkStackSize                            = 4194304                                   {product} {ergonomic}
   size_t MaxHeapSize                              = 4267704320                                {product} {ergonomic}
   size_t MaxNewSize                               = 2560622592                                {product} {ergonomic}
   size_t MinHeapDeltaBytes                        = 1048576                                   {product} {ergonomic}
    uintx NonNMethodCodeHeapSize                   = 7549744                                {pd product} {ergonomic}
    uintx NonProfiledCodeHeapSize                  = 244108496                              {pd product} {ergonomic}
    uintx ProfiledCodeHeapSize                     = 0                                      {pd product} {ergonomic}
    uintx ReservedCodeCacheSize                    = 251658240                              {pd product} {ergonomic}
     bool SegmentedCodeCache                       = true                                      {product} {ergonomic}
     intx TieredStopAtLevel                        = 1                                         {product} {command line}
     bool UseCompressedClassPointers               = true                                 {lp64_product} {ergonomic}
     bool UseCompressedOops                        = true                                 {lp64_product} {ergonomic}
     bool UseG1GC                                  = true                                      {product} {ergonomic}
     bool UseLargePagesIndividualAllocation        = false                                  {pd product} {ergonomic}

Logging:
Log output configuration:
 #0: stdout all=warning uptime,level,tags
 #1: stderr all=off uptime,level,tags

Environment Variables:
JAVA_HOME=E:\SpringBoot\java11\JavaInstall
PATH=E:\SpringBoot\java11\JavaInstall\bin;C:\Program Files (x86)\Common Files\Oracle\Java\javapath;C:\Program Files (x86)\Intel\Intel(R) Management Engine Components\iCLS\;C:\Program Files\Intel\Intel(R) Management Engine Components\iCLS\;C:\windows\system32;C:\windows;C:\windows\System32\Wbem;C:\windows\System32\WindowsPowerShell\v1.0\;C:\windows\System32\OpenSSH\;C:\Program Files (x86)\Intel\Intel(R) Management Engine Components\DAL;C:\Program Files\Intel\Intel(R) Management Engine Components\DAL;C:\Program Files (x86)\Intel\Intel(R) Management Engine Components\IPT;C:\Program Files\Intel\Intel(R) Management Engine Components\IPT;C:\Program Files (x86)\NVIDIA Corporation\PhysX\Common;C:\Program Files\Intel\WiFi\bin\;C:\Program Files\Common Files\Intel\WirelessCommon\;C:\WINDOWS\system32;C:\WINDOWS;C:\WINDOWS\System32\Wbem;C:\WINDOWS\System32\WindowsPowerShell\v1.0\;C:\WINDOWS\System32\OpenSSH\;E:\浏览器\git\Git\cmd;E:\EdgeProject\git\Git\cmd;E:\EdgeProject\spring-2.0.0.M5\bin;E:\shuyi_project\node_js;C:\ProgramData\chocolatey\bin;E:\shuyi_project\Redis;E:\shuyi_project\node_js\node_global;E:\shuyi_project\node_js\node_modules;C:\Program Files\Graphviz\bin;E:\Big_Data\2021\scala-2.12.11\bin;E:\EdgeProject\TomCat\install\bin;E:\EdgeProject\TomCat\install\lib;E:\EdgeProject\hadoop.2.10\hadoop-2.10.1\bin;F:\ViKell\mysql-8.0.26-winx64\bin;F:\ViKell\Development\apache-maven-3.6.3\bin;E:\SpringBoot\maven\apache-maven-3.6.3\bin;E:\VM\xshell\;E:\EdgeProject\git\xiaowugui\bin;E:\EdgeProject\python3.9\Scripts\;E:\EdgeProject\python3.9\;E:\EdgeProject\Anaconda\install;E:\EdgeProject\Anaconda\install\Library\mingw-w64\bin;E:\EdgeProject\Anaconda\install\Library\usr\bin;E:\EdgeProject\Anaconda\install\Library\bin;E:\EdgeProject\Anaconda\install\Scripts;C:\Users\王远辉\AppData\Local\Programs\Python\Python37\Scripts\;C:\Users\王远辉\AppData\Local\Programs\Python\Python37\;C:\Users\王远辉\AppData\Local\Microsoft\WindowsApps;C:\Program Files\Bandizip\;F:\ViKell\IDEA\install\IntelliJ I
USERNAME=王远辉
OS=Windows_NT
PROCESSOR_IDENTIFIER=Intel64 Family 6 Model 158 Stepping 10, GenuineIntel



---------------  S Y S T E M  ---------------

OS: Windows 10 , 64 bit Build 19041 (10.0.19041.1566)

CPU:total 8 (initial active 8) (4 cores per cpu, 2 threads per core) family 6 model 158 stepping 10, cmov, cx8, fxsr, mmx, sse, sse2, sse3, ssse3, sse4.1, sse4.2, popcnt, avx, avx2, aes, clmul, erms, 3dnowpref, lzcnt, ht, tsc, tscinvbit, bmi1, bmi2, adx, fma

Memory: 4k page, system-wide physical 16273M (444M free)
TotalPageFile size 29073M (AvailPageFile size 2M)
current process WorkingSet (physical memory assigned to process): 294M, peak: 313M
current process commit charge ("private bytes"): 446M, peak: 448M

vm_info: Java HotSpot(TM) 64-Bit Server VM (11.0.6+8-LTS) for windows-amd64 JRE (11.0.6+8-LTS), built on Dec 11 2019 09:17:57 by "mach5one" with MS VC++ 15.5 (VS2017)

END.
